[INFO] 2026-01-22 21:14 === Wiki Graph Explorer Server Starting ===
[INFO] 2026-01-22 21:14 Port: 8080
[INFO] 2026-01-22 21:14 Base directory: C:\Users\Professional\Desktop\Programs\WGE
[INFO] 2026-01-22 21:14 Static directory: C:\Users\Professional\Desktop\Programs\WGE\static
[INFO] 2026-01-22 21:14 Index.html path: C:\Users\Professional\Desktop\Programs\WGE\static\html\index.html
[INFO] 2026-01-22 21:14 HTTP server configured, starting...
[INFO] 2026-01-22 21:14 Fetching random article for language: en
[INFO] 2026-01-22 21:14 Random article fetched - Lang: en, URL: https://en.wikipedia.org/wiki/List_of_Hawaii_tornadoes, Status: 200
[INFO] 2026-01-22 21:14 Parsing article: https://en.wikipedia.org/wiki/List_of_Hawaii_tornadoes
[INFO] 2026-01-22 21:14 Article response received - URL: https://en.wikipedia.org/wiki/List_of_Hawaii_tornadoes, Status: 200, Duration: 112.8215ms
[INFO] 2026-01-22 21:14 Article title extracted - URL: https://en.wikipedia.org/wiki/List_of_Hawaii_tornadoes, Title: List of Hawaii tornadoes
[INFO] 2026-01-22 21:14 Article parsed successfully - URL: https://en.wikipedia.org/wiki/List_of_Hawaii_tornadoes, Title: List of Hawaii tornadoes, Links: 54, Total Duration: 119.9121ms
[INFO] 2026-01-22 21:14 Fetching random article for language: en
[INFO] 2026-01-22 21:14 Random article fetched - Lang: en, URL: https://en.wikipedia.org/wiki/Christian_D%C3%B6ring_(Bible_publisher), Status: 200
[INFO] 2026-01-22 21:14 Parsing article: https://en.wikipedia.org/wiki/Christian_D%C3%B6ring_(Bible_publisher)
[INFO] 2026-01-22 21:14 Article response received - URL: https://en.wikipedia.org/wiki/Christian_D%C3%B6ring_(Bible_publisher), Status: 200, Duration: 52.8393ms
[INFO] 2026-01-22 21:14 Article title extracted - URL: https://en.wikipedia.org/wiki/Christian_D%C3%B6ring_(Bible_publisher), Title: Christian Döring (Bible publisher)
[INFO] 2026-01-22 21:14 Article parsed successfully - URL: https://en.wikipedia.org/wiki/Christian_D%C3%B6ring_(Bible_publisher), Title: Christian Döring (Bible publisher), Links: 18, Total Duration: 173.4096ms
[INFO] 2026-01-22 21:14 Fetching random article for language: en
[INFO] 2026-01-22 21:14 Random article fetched - Lang: en, URL: https://en.wikipedia.org/wiki/Mobility_kill, Status: 200
[INFO] 2026-01-22 21:14 Parsing article: https://en.wikipedia.org/wiki/Mobility_kill
[INFO] 2026-01-22 21:14 Article response received - URL: https://en.wikipedia.org/wiki/Mobility_kill, Status: 200, Duration: 53.3152ms
[INFO] 2026-01-22 21:14 Article title extracted - URL: https://en.wikipedia.org/wiki/Mobility_kill, Title: Mobility kill
[INFO] 2026-01-22 21:14 Article parsed successfully - URL: https://en.wikipedia.org/wiki/Mobility_kill, Title: Mobility kill, Links: 21, Total Duration: 88.0031ms
[INFO] 2026-01-22 21:14 Fetching random article for language: en
[INFO] 2026-01-22 21:14 Random article fetched - Lang: en, URL: https://en.wikipedia.org/wiki/Adjoavi_Trenou, Status: 200
[INFO] 2026-01-22 21:14 Parsing article: https://en.wikipedia.org/wiki/Adjoavi_Trenou
[INFO] 2026-01-22 21:14 Article response received - URL: https://en.wikipedia.org/wiki/Adjoavi_Trenou, Status: 200, Duration: 60.0124ms
[INFO] 2026-01-22 21:14 Article title extracted - URL: https://en.wikipedia.org/wiki/Adjoavi_Trenou, Title: Adjoavi Trenou
[INFO] 2026-01-22 21:14 Article parsed successfully - URL: https://en.wikipedia.org/wiki/Adjoavi_Trenou, Title: Adjoavi Trenou, Links: 10, Total Duration: 65.7047ms
[INFO] 2026-01-22 21:14 Fetching random article for language: en
[INFO] 2026-01-22 21:14 Random article fetched - Lang: en, URL: https://en.wikipedia.org/wiki/Johnny_Berry, Status: 200
[INFO] 2026-01-22 21:14 Parsing article: https://en.wikipedia.org/wiki/Johnny_Berry
[INFO] 2026-01-22 21:14 Article response received - URL: https://en.wikipedia.org/wiki/Johnny_Berry, Status: 200, Duration: 59.5621ms
[INFO] 2026-01-22 21:14 Article title extracted - URL: https://en.wikipedia.org/wiki/Johnny_Berry, Title: Johnny Berry
[INFO] 2026-01-22 21:14 Article parsed successfully - URL: https://en.wikipedia.org/wiki/Johnny_Berry, Title: Johnny Berry, Links: 87, Total Duration: 72.55ms
[INFO] 2026-01-22 21:15 Parsing article: https://en.wikipedia.org/wiki/The_New_York_Times
[INFO] 2026-01-22 21:15 Article response received - URL: https://en.wikipedia.org/wiki/The_New_York_Times, Status: 200, Duration: 61.4112ms
[INFO] 2026-01-22 21:15 Article title extracted - URL: https://en.wikipedia.org/wiki/The_New_York_Times, Title: The New York Times
[INFO] 2026-01-22 21:15 Article parsed successfully - URL: https://en.wikipedia.org/wiki/The_New_York_Times, Title: The New York Times, Links: 1706, Total Duration: 258.5038ms
[INFO] 2026-01-22 21:19 Parsing article: https://en.wikipedia.org/wiki/The_New_York_Times
[INFO] 2026-01-22 21:19 Article response received - URL: https://en.wikipedia.org/wiki/The_New_York_Times, Status: 200, Duration: 247.5062ms
[INFO] 2026-01-22 21:19 Article title extracted - URL: https://en.wikipedia.org/wiki/The_New_York_Times, Title: The New York Times
[INFO] 2026-01-22 21:19 Article parsed successfully - URL: https://en.wikipedia.org/wiki/The_New_York_Times, Title: The New York Times, Links: 1706, Total Duration: 552.6889ms
